{"C:\\Users\\Rafael\\env\\dev\\my\\front-end\\reactjs\\reactjs-ninja-completo\\04-modulo-#02\\m02\\jest-in-pratice\\sum.js": {"path":"C:\\Users\\Rafael\\env\\dev\\my\\front-end\\reactjs\\reactjs-ninja-completo\\04-modulo-#02\\m02\\jest-in-pratice\\sum.js","statementMap":{"0":{"start":{"line":1,"column":12},"end":{"line":5,"column":1}},"1":{"start":{"line":2,"column":2},"end":{"line":4,"column":3}},"2":{"start":{"line":3,"column":4},"end":{"line":3,"column":10}}},"fnMap":{"0":{"name":"(anonymous_0)","decl":{"start":{"line":1,"column":12},"end":{"line":1,"column":13}},"loc":{"start":{"line":1,"column":18},"end":{"line":5,"column":1}},"line":1}},"branchMap":{"0":{"loc":{"start":{"line":2,"column":2},"end":{"line":4,"column":3}},"type":"if","locations":[{"start":{"line":2,"column":2},"end":{"line":4,"column":3}},{"start":{"line":2,"column":2},"end":{"line":4,"column":3}}],"line":2}},"s":{"0":1,"1":0,"2":0},"f":{"0":0},"b":{"0":[0,0]},"_coverageSchema":"1a1c01bbd47fc00a2c39e90264f33305004495a9","hash":"2061a8fd479924412afcf71f95205201ffab4a74"}
}
