{"C:\\Users\\Rafael\\env\\dev\\my\\front-end\\reactjs\\reactjs-ninja-completo\\04-modulo-#02\\m02\\jest-in-pratice\\sum.js": {"path":"C:\\Users\\Rafael\\env\\dev\\my\\front-end\\reactjs\\reactjs-ninja-completo\\04-modulo-#02\\m02\\jest-in-pratice\\sum.js","statementMap":{"0":{"start":{"line":3,"column":0},"end":{"line":7,"column":1}},"1":{"start":{"line":4,"column":2},"end":{"line":6,"column":3}},"2":{"start":{"line":5,"column":4},"end":{"line":5,"column":10}}},"fnMap":{"0":{"name":"(anonymous_0)","decl":{"start":{"line":3,"column":17},"end":{"line":3,"column":18}},"loc":{"start":{"line":3,"column":23},"end":{"line":7,"column":1}},"line":3}},"branchMap":{"0":{"loc":{"start":{"line":4,"column":2},"end":{"line":6,"column":3}},"type":"if","locations":[{"start":{"line":4,"column":2},"end":{"line":6,"column":3}},{"start":{"line":4,"column":2},"end":{"line":6,"column":3}}],"line":4}},"s":{"0":1,"1":0,"2":0},"f":{"0":0},"b":{"0":[0,0]},"_coverageSchema":"1a1c01bbd47fc00a2c39e90264f33305004495a9","hash":"dea6557b70ef35c98ae3b06305b48cf873d8504a"}
}
